{"name":"hexo","hostname":"stephen-pc","pid":8356,"level":20,"msg":"Hexo version: \u001b[35m3.7.1\u001b[39m","time":"2018-07-25T13:00:12.168Z","v":0}
{"name":"hexo","hostname":"stephen-pc","pid":8356,"level":20,"msg":"Working directory: \u001b[35m/opt/hexo/\u001b[39m","time":"2018-07-25T13:00:12.173Z","v":0}
{"name":"hexo","hostname":"stephen-pc","pid":8356,"level":20,"msg":"Config loaded: \u001b[35m/opt/hexo/_config.yml\u001b[39m","time":"2018-07-25T13:00:12.279Z","v":0}
{"name":"hexo","hostname":"stephen-pc","pid":8356,"level":20,"msg":"Plugin loaded: \u001b[35mhexo-asset-image\u001b[39m","time":"2018-07-25T13:00:12.406Z","v":0}
{"name":"hexo","hostname":"stephen-pc","pid":8356,"level":20,"msg":"Plugin loaded: \u001b[35mhexo-deployer-git\u001b[39m","time":"2018-07-25T13:00:12.422Z","v":0}
{"name":"hexo","hostname":"stephen-pc","pid":8356,"level":20,"msg":"Plugin loaded: \u001b[35mhexo-generator-archive\u001b[39m","time":"2018-07-25T13:00:12.424Z","v":0}
{"name":"hexo","hostname":"stephen-pc","pid":8356,"level":20,"msg":"Plugin loaded: \u001b[35mhexo-generator-category\u001b[39m","time":"2018-07-25T13:00:12.425Z","v":0}
{"name":"hexo","hostname":"stephen-pc","pid":8356,"level":20,"msg":"Plugin loaded: \u001b[35mhexo-generator-index\u001b[39m","time":"2018-07-25T13:00:12.427Z","v":0}
{"name":"hexo","hostname":"stephen-pc","pid":8356,"level":20,"msg":"Plugin loaded: \u001b[35mhexo-generator-tag\u001b[39m","time":"2018-07-25T13:00:12.428Z","v":0}
{"name":"hexo","hostname":"stephen-pc","pid":8356,"level":20,"msg":"Plugin loaded: \u001b[35mhexo-renderer-ejs\u001b[39m","time":"2018-07-25T13:00:12.430Z","v":0}
{"name":"hexo","hostname":"stephen-pc","pid":8356,"level":20,"msg":"Plugin loaded: \u001b[35mhexo-renderer-marked\u001b[39m","time":"2018-07-25T13:00:12.435Z","v":0}
{"name":"hexo","hostname":"stephen-pc","pid":8356,"level":20,"msg":"Plugin loaded: \u001b[35mhexo-renderer-stylus\u001b[39m","time":"2018-07-25T13:00:12.436Z","v":0}
{"name":"hexo","hostname":"stephen-pc","pid":8356,"level":20,"msg":"Plugin loaded: \u001b[35mhexo-server\u001b[39m","time":"2018-07-25T13:00:12.491Z","v":0}
{"name":"hexo","hostname":"stephen-pc","pid":8356,"level":20,"msg":"Plugin loaded: \u001b[35mhexo-wordcount\u001b[39m","time":"2018-07-25T13:00:12.530Z","v":0}
{"name":"hexo","hostname":"stephen-pc","pid":8356,"level":20,"msg":"Script loaded: \u001b[35mthemes/next/scripts/merge-configs.js\u001b[39m","time":"2018-07-25T13:00:12.855Z","v":0}
{"name":"hexo","hostname":"stephen-pc","pid":8356,"level":20,"msg":"Script loaded: \u001b[35mthemes/next/scripts/tags/button.js\u001b[39m","time":"2018-07-25T13:00:12.855Z","v":0}
{"name":"hexo","hostname":"stephen-pc","pid":8356,"level":20,"msg":"Script loaded: \u001b[35mthemes/next/scripts/tags/center-quote.js\u001b[39m","time":"2018-07-25T13:00:12.856Z","v":0}
{"name":"hexo","hostname":"stephen-pc","pid":8356,"level":20,"msg":"Script loaded: \u001b[35mthemes/next/scripts/tags/exturl.js\u001b[39m","time":"2018-07-25T13:00:12.856Z","v":0}
{"name":"hexo","hostname":"stephen-pc","pid":8356,"level":20,"msg":"Script loaded: \u001b[35mthemes/next/scripts/tags/full-image.js\u001b[39m","time":"2018-07-25T13:00:12.857Z","v":0}
{"name":"hexo","hostname":"stephen-pc","pid":8356,"level":20,"msg":"Script loaded: \u001b[35mthemes/next/scripts/tags/label.js\u001b[39m","time":"2018-07-25T13:00:12.857Z","v":0}
{"name":"hexo","hostname":"stephen-pc","pid":8356,"level":20,"msg":"Script loaded: \u001b[35mthemes/next/scripts/tags/lazy-image.js\u001b[39m","time":"2018-07-25T13:00:12.857Z","v":0}
{"name":"hexo","hostname":"stephen-pc","pid":8356,"level":20,"msg":"Script loaded: \u001b[35mthemes/next/scripts/tags/note.js\u001b[39m","time":"2018-07-25T13:00:12.858Z","v":0}
{"name":"hexo","hostname":"stephen-pc","pid":8356,"level":20,"msg":"Script loaded: \u001b[35mthemes/next/scripts/tags/tabs.js\u001b[39m","time":"2018-07-25T13:00:12.858Z","v":0}
{"name":"hexo","hostname":"stephen-pc","pid":8356,"level":20,"msg":"Script loaded: \u001b[35mthemes/next/scripts/tags/group-pictures.js\u001b[39m","time":"2018-07-25T13:00:12.859Z","v":0}
{"name":"hexo","hostname":"stephen-pc","pid":8356,"level":20,"msg":"Script loaded: \u001b[35mthemes/next/scripts/merge.js\u001b[39m","time":"2018-07-25T13:00:12.862Z","v":0}
{"name":"hexo","hostname":"stephen-pc","pid":8356,"level":20,"msg":"Database saved","time":"2018-07-25T13:00:12.867Z","v":0}
